<?xml version="1.0" encoding="UTF-8"?>
<testng-results skipped="0" failed="1" total="3" passed="2">
  <reporter-output>
  </reporter-output>
  <suite name="Suite" duration-ms="50469" started-at="2020-05-01T15:12:37Z" finished-at="2020-05-01T15:13:27Z">
    <groups>
    </groups>
    <test name="Validating Course title" duration-ms="12438" started-at="2020-05-01T15:12:37Z" finished-at="2020-05-01T15:12:49Z">
      <class name="myacademy.ValidateTitleTest">
        <test-method status="PASS" signature="initialize()[pri:0, instance:myacademy.ValidateTitleTest@5c30a9b0]" name="initialize" is-config="true" duration-ms="11243" started-at="2020-05-01T20:42:37Z" finished-at="2020-05-01T20:42:48Z">
          <reporter-output>
          </reporter-output>
        </test-method> <!-- initialize -->
        <test-method status="FAIL" signature="titleCourseValidation()[pri:0, instance:myacademy.ValidateTitleTest@5c30a9b0]" name="titleCourseValidation" duration-ms="51" started-at="2020-05-01T20:42:48Z" finished-at="2020-05-01T20:42:48Z">
          <exception class="java.lang.AssertionError">
            <message>
              <![CDATA[expected [Featured Courses123] but found [Featured Courses]]]>
            </message>
            <full-stacktrace>
              <![CDATA[java.lang.AssertionError: expected [Featured Courses123] but found [Featured Courses]
	at org.testng.Assert.fail(Assert.java:94)
	at org.testng.Assert.failNotEquals(Assert.java:496)
	at org.testng.Assert.assertEquals(Assert.java:125)
	at org.testng.Assert.assertEquals(Assert.java:178)
	at org.testng.Assert.assertEquals(Assert.java:188)
	at myacademy.ValidateTitleTest.titleCourseValidation(ValidateTitleTest.java:37)
	at sun.reflect.NativeMethodAccessorImpl.invoke0(Native Method)
	at sun.reflect.NativeMethodAccessorImpl.invoke(NativeMethodAccessorImpl.java:62)
	at sun.reflect.DelegatingMethodAccessorImpl.invoke(DelegatingMethodAccessorImpl.java:43)
	at java.lang.reflect.Method.invoke(Method.java:498)
	at org.testng.internal.MethodInvocationHelper.invokeMethod(MethodInvocationHelper.java:85)
	at org.testng.internal.Invoker.invokeMethod(Invoker.java:639)
	at org.testng.internal.Invoker.invokeTestMethod(Invoker.java:816)
	at org.testng.internal.Invoker.invokeTestMethods(Invoker.java:1124)
	at org.testng.internal.TestMethodWorker.invokeTestMethods(TestMethodWorker.java:125)
	at org.testng.internal.TestMethodWorker.run(TestMethodWorker.java:108)
	at org.testng.TestRunner.privateRun(TestRunner.java:774)
	at org.testng.TestRunner.run(TestRunner.java:624)
	at org.testng.SuiteRunner.runTest(SuiteRunner.java:359)
	at org.testng.SuiteRunner.runSequentially(SuiteRunner.java:354)
	at org.testng.SuiteRunner.privateRun(SuiteRunner.java:312)
	at org.testng.SuiteRunner.run(SuiteRunner.java:261)
	at org.testng.SuiteRunnerWorker.runSuite(SuiteRunnerWorker.java:52)
	at org.testng.SuiteRunnerWorker.run(SuiteRunnerWorker.java:86)
	at org.testng.TestNG.runSuitesSequentially(TestNG.java:1191)
	at org.testng.TestNG.runSuitesLocally(TestNG.java:1116)
	at org.testng.TestNG.run(TestNG.java:1024)
	at org.apache.maven.surefire.testng.TestNGExecutor.run(TestNGExecutor.java:283)
	at org.apache.maven.surefire.testng.TestNGXmlTestSuite.execute(TestNGXmlTestSuite.java:75)
	at org.apache.maven.surefire.testng.TestNGProvider.invoke(TestNGProvider.java:120)
	at org.apache.maven.surefire.booter.ForkedBooter.runSuitesInProcess(ForkedBooter.java:377)
	at org.apache.maven.surefire.booter.ForkedBooter.execute(ForkedBooter.java:138)
	at org.apache.maven.surefire.booter.ForkedBooter.run(ForkedBooter.java:465)
	at org.apache.maven.surefire.booter.ForkedBooter.main(ForkedBooter.java:451)
]]>
            </full-stacktrace>
          </exception> <!-- java.lang.AssertionError -->
          <reporter-output>
          </reporter-output>
        </test-method> <!-- titleCourseValidation -->
        <test-method status="PASS" signature="closeBrowser()[pri:0, instance:myacademy.ValidateTitleTest@5c30a9b0]" name="closeBrowser" is-config="true" duration-ms="330" started-at="2020-05-01T20:42:49Z" finished-at="2020-05-01T20:42:49Z">
          <reporter-output>
          </reporter-output>
        </test-method> <!-- closeBrowser -->
      </class> <!-- myacademy.ValidateTitleTest -->
    </test> <!-- Validating Course title -->
    <test name="Inbuilt App testing" duration-ms="0" started-at="2020-05-01T15:12:49Z" finished-at="2020-05-01T15:12:49Z">
    </test> <!-- Inbuilt App testing -->
    <test name="Login Testing" duration-ms="19583" started-at="2020-05-01T15:12:49Z" finished-at="2020-05-01T15:13:09Z">
      <class name="myacademy.LoginTest">
        <test-method status="PASS" signature="initialize()[pri:0, instance:myacademy.LoginTest@708f5957]" name="initialize" is-config="true" duration-ms="13999" started-at="2020-05-01T20:42:49Z" finished-at="2020-05-01T20:43:03Z">
          <reporter-output>
          </reporter-output>
        </test-method> <!-- initialize -->
        <test-method status="PASS" signature="loginByMultipleDataset()[pri:0, instance:myacademy.LoginTest@708f5957]" name="loginByMultipleDataset" duration-ms="4977" started-at="2020-05-01T20:43:03Z" finished-at="2020-05-01T20:43:08Z">
          <reporter-output>
          </reporter-output>
        </test-method> <!-- loginByMultipleDataset -->
        <test-method status="PASS" signature="closeBrowser()[pri:0, instance:myacademy.LoginTest@708f5957]" name="closeBrowser" is-config="true" duration-ms="606" started-at="2020-05-01T20:43:08Z" finished-at="2020-05-01T20:43:09Z">
          <reporter-output>
          </reporter-output>
        </test-method> <!-- closeBrowser -->
      </class> <!-- myacademy.LoginTest -->
    </test> <!-- Login Testing -->
    <test name="Home Page Login button Testing" duration-ms="18411" started-at="2020-05-01T15:13:09Z" finished-at="2020-05-01T15:13:27Z">
      <class name="myacademy.HomeTest">
        <test-method status="PASS" signature="initialize()[pri:0, instance:myacademy.HomeTest@50eac852]" name="initialize" is-config="true" duration-ms="14255" started-at="2020-05-01T20:43:09Z" finished-at="2020-05-01T20:43:23Z">
          <reporter-output>
          </reporter-output>
        </test-method> <!-- initialize -->
        <test-method status="PASS" signature="baseNavigationLogin()[pri:0, instance:myacademy.HomeTest@50eac852]" name="baseNavigationLogin" duration-ms="3764" started-at="2020-05-01T20:43:23Z" finished-at="2020-05-01T20:43:27Z">
          <reporter-output>
          </reporter-output>
        </test-method> <!-- baseNavigationLogin -->
        <test-method status="PASS" signature="closeBrowser()[pri:0, instance:myacademy.HomeTest@50eac852]" name="closeBrowser" is-config="true" duration-ms="391" started-at="2020-05-01T20:43:27Z" finished-at="2020-05-01T20:43:27Z">
          <reporter-output>
          </reporter-output>
        </test-method> <!-- closeBrowser -->
      </class> <!-- myacademy.HomeTest -->
    </test> <!-- Home Page Login button Testing -->
  </suite> <!-- Suite -->
</testng-results>
